current directory: /vagrant/jungle-rails/bundle/gems/bcrypt-3.1.11/ext/mri
/home/vagrant/.rvm/rubies/ruby-2.3.5/bin/ruby -I /home/vagrant/.rvm/rubies/ruby-2.3.5/lib/ruby/site_ruby/2.3.0 -r ./siteconf20211115-8041-naha25.rb extconf.rb
creating Makefile

current directory: /vagrant/jungle-rails/bundle/gems/bcrypt-3.1.11/ext/mri
make DESTDIR\= clean
make: Warning: File 'Makefile' has modification time 170 s in the future
make: warning:  Clock skew detected.  Your build may be incomplete.

current directory: /vagrant/jungle-rails/bundle/gems/bcrypt-3.1.11/ext/mri
make DESTDIR\=
make: Warning: File 'Makefile' has modification time 170 s in the future
compiling crypt_gensalt.c
compiling crypt.c
compiling bcrypt_ext.c
compiling wrapper.c
compiling crypt_blowfish.c
linking shared-object bcrypt_ext.so
make: warning:  Clock skew detected.  Your build may be incomplete.

current directory: /vagrant/jungle-rails/bundle/gems/bcrypt-3.1.11/ext/mri
make DESTDIR\= install
make: Warning: File 'Makefile' has modification time 169 s in the future
/usr/bin/install -m 0755 bcrypt_ext.so ./.gem.20211115-8041-8xqb2f
make: warning:  Clock skew detected.  Your build may be incomplete.
